<?xml version="1.0" encoding="UTF-8"?>
<coverage generated="1605960539741" clover="3.2.0">
  <project timestamp="1605960539742" name="All files">
    <metrics statements="22" coveredstatements="17" conditionals="20" coveredconditionals="16" methods="2" coveredmethods="1" elements="44" coveredelements="34" complexity="0" loc="22" ncloc="22" packages="1" files="1" classes="1"/>
    <file name="utils.js" path="C:\Users\kote_\Desktop\js-advanced-diploma\src\js\utils.js">
      <metrics statements="22" coveredstatements="17" conditionals="20" coveredconditionals="16" methods="2" coveredmethods="1"/>
      <line num="2" count="9" type="cond" truecount="2" falsecount="0"/>
      <line num="3" count="1" type="stmt"/>
      <line num="5" count="8" type="cond" truecount="2" falsecount="0"/>
      <line num="6" count="1" type="stmt"/>
      <line num="8" count="7" type="cond" truecount="2" falsecount="0"/>
      <line num="9" count="1" type="stmt"/>
      <line num="11" count="6" type="cond" truecount="2" falsecount="0"/>
      <line num="12" count="1" type="stmt"/>
      <line num="14" count="5" type="cond" truecount="2" falsecount="0"/>
      <line num="15" count="1" type="stmt"/>
      <line num="17" count="4" type="cond" truecount="2" falsecount="0"/>
      <line num="18" count="1" type="stmt"/>
      <line num="20" count="3" type="cond" truecount="2" falsecount="0"/>
      <line num="21" count="1" type="stmt"/>
      <line num="23" count="2" type="cond" truecount="2" falsecount="0"/>
      <line num="24" count="1" type="stmt"/>
      <line num="26" count="1" type="stmt"/>
      <line num="30" count="0" type="cond" truecount="0" falsecount="2"/>
      <line num="31" count="0" type="stmt"/>
      <line num="34" count="0" type="cond" truecount="0" falsecount="2"/>
      <line num="35" count="0" type="stmt"/>
      <line num="38" count="0" type="stmt"/>
    </file>
  </project>
</coverage>
