TN:
SF:src\js\utils.js
FN:1,calcTileType
FN:29,calcHealthLevel
FNF:2
FNH:1
FNDA:9,calcTileType
FNDA:0,calcHealthLevel
DA:2,9
DA:3,1
DA:5,8
DA:6,1
DA:8,7
DA:9,1
DA:11,6
DA:12,1
DA:14,5
DA:15,1
DA:17,4
DA:18,1
DA:20,3
DA:21,1
DA:23,2
DA:24,1
DA:26,1
DA:30,0
DA:31,0
DA:34,0
DA:35,0
DA:38,0
LF:22
LH:17
BRDA:2,0,0,1
BRDA:2,0,1,8
BRDA:5,1,0,1
BRDA:5,1,1,7
BRDA:8,2,0,1
BRDA:8,2,1,6
BRDA:11,3,0,1
BRDA:11,3,1,5
BRDA:14,4,0,1
BRDA:14,4,1,4
BRDA:17,5,0,1
BRDA:17,5,1,3
BRDA:20,6,0,1
BRDA:20,6,1,2
BRDA:23,7,0,1
BRDA:23,7,1,1
BRDA:30,8,0,0
BRDA:30,8,1,0
BRDA:34,9,0,0
BRDA:34,9,1,0
BRF:20
BRH:16
end_of_record
